2023-03-24 13:39:58,709 INFO o.a.j.u.JMeterUtils: Setting Locale to en_EN
2023-03-24 13:39:58,724 INFO o.a.j.JMeter: Loading user properties from: /opt/apache/jmeter/apache-jmeter-5.5/bin/user.properties
2023-03-24 13:39:58,724 INFO o.a.j.JMeter: Loading system properties from: /opt/apache/jmeter/apache-jmeter-5.5/bin/system.properties
2023-03-24 13:39:58,728 INFO o.a.j.JMeter: Copyright (c) 1998-2022 The Apache Software Foundation
2023-03-24 13:39:58,728 INFO o.a.j.JMeter: Version 5.5
2023-03-24 13:39:58,728 INFO o.a.j.JMeter: java.version=17.0.6
2023-03-24 13:39:58,729 INFO o.a.j.JMeter: java.vm.name=OpenJDK 64-Bit Server VM
2023-03-24 13:39:58,729 INFO o.a.j.JMeter: os.name=Linux
2023-03-24 13:39:58,729 INFO o.a.j.JMeter: os.arch=amd64
2023-03-24 13:39:58,729 INFO o.a.j.JMeter: os.version=6.1.18-200.fc37.x86_64
2023-03-24 13:39:58,729 INFO o.a.j.JMeter: file.encoding=UTF-8
2023-03-24 13:39:58,729 INFO o.a.j.JMeter: java.awt.headless=null
2023-03-24 13:39:58,729 INFO o.a.j.JMeter: Max memory     =1073741824
2023-03-24 13:39:58,729 INFO o.a.j.JMeter: Available Processors =12
2023-03-24 13:39:58,736 INFO o.a.j.JMeter: Default Locale=English (EN)
2023-03-24 13:39:58,736 INFO o.a.j.JMeter: JMeter  Locale=English (EN)
2023-03-24 13:39:58,736 INFO o.a.j.JMeter: JMeterHome=/opt/apache/jmeter/apache-jmeter-5.5
2023-03-24 13:39:58,736 INFO o.a.j.JMeter: user.dir  =/home/micbn/git/jarrydk/dotfiles
2023-03-24 13:39:58,737 INFO o.a.j.JMeter: PWD       =/home/micbn/git/jarrydk/dotfiles
2023-03-24 13:39:58,737 INFO o.a.j.JMeter: IP: 192.168.0.118 Name: slt-vpn-pool-62-242-222-100.dk.eng.tdc.net FullName: slt-vpn-pool-62-242-222-100.dk.eng.tdc.net
